<?xml version="1.0" encoding="UTF-8"?>
<!-- Generated by org.testng.reporters.JUnitReportReporter -->
<testsuite skipped="0" hostname="LAPTOP-NI81HQO1" name="JIRAFramework.E2EAutomation.AppTest" tests="1" failures="0" timestamp="2020-07-06T06:21:55 IST" time="0.049" errors="0">
  <testcase name="testApp" time="0.049" classname="JIRAFramework.E2EAutomation.AppTest"/>
  <system-out/>
</testsuite> <!-- JIRAFramework.E2EAutomation.AppTest -->
